{
"contracts\\interfaces\\ISwapManager.sol":{"l":{},"path":"D:\\__Work\\Solidity\\_Project\\contracts\\interfaces\\ISwapManager.sol","s":{},"b":{},"f":{},"fnMap":{},"statementMap":{},"branchMap":{}},
"contracts\\OralceManager.sol":{"l":{"29":3,"31":3,"32":3,"33":3,"34":3,"35":3,"36":3,"37":3,"38":3,"42":3,"43":3,"44":3,"46":2,"47":2,"49":2,"50":2,"51":2,"55":3,"56":1,"58":2,"59":1},"path":"D:\\__Work\\Solidity\\_Project\\contracts\\OralceManager.sol","s":{"1":3,"2":3,"3":3,"4":3,"5":3,"6":3,"7":3,"8":3,"9":3,"10":3,"11":3,"12":3,"13":2,"14":2,"15":2,"16":2,"17":2,"18":3,"19":1,"20":2,"21":1},"b":{"1":[2,1],"2":[1,2],"3":[1,1]},"f":{"1":3,"2":3,"3":3},"fnMap":{"1":{"name":"constructor","line":28,"loc":{"start":{"line":28,"column":4},"end":{"line":39,"column":4}}},"2":{"name":"update","line":41,"loc":{"start":{"line":41,"column":4},"end":{"line":52,"column":4}}},"3":{"name":"consult","line":54,"loc":{"start":{"line":54,"column":4},"end":{"line":61,"column":4}}}},"statementMap":{"1":{"start":{"line":29,"column":8},"end":{"line":29,"column":96}},"2":{"start":{"line":31,"column":8},"end":{"line":31,"column":19}},"3":{"start":{"line":32,"column":8},"end":{"line":32,"column":30}},"4":{"start":{"line":33,"column":8},"end":{"line":33,"column":30}},"5":{"start":{"line":34,"column":8},"end":{"line":34,"column":58}},"6":{"start":{"line":35,"column":8},"end":{"line":35,"column":58}},"7":{"start":{"line":36,"column":8},"end":{"line":36,"column":24}},"8":{"start":{"line":37,"column":8},"end":{"line":37,"column":24}},"9":{"start":{"line":38,"column":8},"end":{"line":38,"column":69}},"10":{"start":{"line":42,"column":8},"end":{"line":42,"column":141}},"11":{"start":{"line":43,"column":8},"end":{"line":43,"column":64}},"12":{"start":{"line":44,"column":8},"end":{"line":44,"column":59}},"13":{"start":{"line":46,"column":8},"end":{"line":46,"column":109}},"14":{"start":{"line":47,"column":8},"end":{"line":47,"column":109}},"15":{"start":{"line":49,"column":8},"end":{"line":49,"column":46}},"16":{"start":{"line":50,"column":8},"end":{"line":50,"column":46}},"17":{"start":{"line":51,"column":8},"end":{"line":51,"column":42}},"18":{"start":{"line":55,"column":8},"end":{"line":55,"column":2408}},"19":{"start":{"line":56,"column":12},"end":{"line":56,"column":62}},"20":{"start":{"line":58,"column":12},"end":{"line":58,"column":52}},"21":{"start":{"line":59,"column":12},"end":{"line":59,"column":62}}},"branchMap":{"1":{"line":44,"type":"if","locations":[{"start":{"line":44,"column":8},"end":{"line":44,"column":8}},{"start":{"line":44,"column":8},"end":{"line":44,"column":8}}]},"2":{"line":55,"type":"if","locations":[{"start":{"line":55,"column":8},"end":{"line":55,"column":8}},{"start":{"line":55,"column":8},"end":{"line":55,"column":8}}]},"3":{"line":58,"type":"if","locations":[{"start":{"line":58,"column":12},"end":{"line":58,"column":12}},{"start":{"line":58,"column":12},"end":{"line":58,"column":12}}]}}},
"contracts\\SwapManager.sol":{"l":{},"path":"D:\\__Work\\Solidity\\_Project\\contracts\\SwapManager.sol","s":{},"b":{},"f":{"1":3},"fnMap":{"1":{"name":"constructor","line":15,"loc":{"start":{"line":7,"column":4},"end":{"line":16,"column":5}}}},"statementMap":{},"branchMap":{}},
"contracts\\SwapManagerBase.sol":{"l":{"25":3,"26":3,"27":3,"39":3,"40":2,"42":1,"43":1,"44":1,"46":1,"47":1,"48":1,"49":1,"51":1,"52":2,"53":2,"54":1,"55":1,"56":1,"58":1,"59":0,"60":0,"61":0,"76":3,"77":2,"79":1,"80":1,"81":1,"83":1,"84":1,"85":1,"86":1,"88":1,"89":2,"90":2,"91":1,"92":1,"93":1,"95":1,"96":0,"97":0,"98":0,"113":2,"114":2,"116":2,"117":2,"119":2,"120":1,"121":1,"123":1,"124":1,"137":2,"138":2,"140":2,"141":2,"143":2,"144":1,"145":1,"147":1,"148":1},"path":"D:\\__Work\\Solidity\\_Project\\contracts\\SwapManagerBase.sol","s":{"1":3,"2":3,"3":3,"4":3,"5":2,"6":1,"7":1,"8":1,"9":1,"10":1,"11":1,"12":1,"13":1,"14":2,"15":2,"16":1,"17":1,"18":1,"19":1,"20":0,"21":0,"22":0,"23":3,"24":2,"25":1,"26":1,"27":1,"28":1,"29":1,"30":1,"31":1,"32":1,"33":2,"34":2,"35":1,"36":1,"37":1,"38":1,"39":0,"40":0,"41":0,"42":2,"43":2,"44":2,"45":2,"46":2,"47":1,"48":1,"49":1,"50":1,"51":2,"52":2,"53":2,"54":2,"55":2,"56":1,"57":1,"58":1,"59":1},"b":{"1":[2,1],"2":[1,1],"3":[1,1],"4":[0,1],"5":[2,1],"6":[1,1],"7":[1,1],"8":[0,1],"9":[1,1],"10":[1,1]},"f":{"1":3,"2":3,"3":3,"4":2,"5":2},"fnMap":{"1":{"name":"constructor","line":20,"loc":{"start":{"line":20,"column":4},"end":{"line":28,"column":4}}},"2":{"name":"bestOutputFixedInput","line":30,"loc":{"start":{"line":30,"column":4},"end":{"line":65,"column":4}}},"3":{"name":"bestInputFixedOutput","line":67,"loc":{"start":{"line":67,"column":4},"end":{"line":102,"column":4}}},"4":{"name":"findBestOutTrade","line":104,"loc":{"start":{"line":104,"column":4},"end":{"line":126,"column":4}}},"5":{"name":"findBestInTrade","line":128,"loc":{"start":{"line":128,"column":4},"end":{"line":150,"column":4}}}},"statementMap":{"1":{"start":{"line":25,"column":8},"end":{"line":25,"column":21}},"2":{"start":{"line":26,"column":8},"end":{"line":26,"column":25}},"3":{"start":{"line":27,"column":8},"end":{"line":27,"column":29}},"4":{"start":{"line":39,"column":8},"end":{"line":39,"column":83}},"5":{"start":{"line":40,"column":8},"end":{"line":40,"column":47}},"6":{"start":{"line":42,"column":8},"end":{"line":42,"column":53}},"7":{"start":{"line":43,"column":8},"end":{"line":43,"column":32}},"8":{"start":{"line":44,"column":8},"end":{"line":44,"column":30}},"9":{"start":{"line":46,"column":8},"end":{"line":46,"column":54}},"10":{"start":{"line":47,"column":8},"end":{"line":47,"column":33}},"11":{"start":{"line":48,"column":8},"end":{"line":48,"column":60}},"12":{"start":{"line":49,"column":8},"end":{"line":49,"column":31}},"13":{"start":{"line":51,"column":8},"end":{"line":51,"column":1620}},"14":{"start":{"line":52,"column":12},"end":{"line":52,"column":119}},"15":{"start":{"line":53,"column":12},"end":{"line":53,"column":1794}},"16":{"start":{"line":54,"column":16},"end":{"line":54,"column":36}},"17":{"start":{"line":55,"column":16},"end":{"line":55,"column":30}},"18":{"start":{"line":56,"column":16},"end":{"line":56,"column":30}},"19":{"start":{"line":58,"column":16},"end":{"line":58,"column":1958}},"20":{"start":{"line":59,"column":20},"end":{"line":59,"column":40}},"21":{"start":{"line":60,"column":20},"end":{"line":60,"column":34}},"22":{"start":{"line":61,"column":20},"end":{"line":61,"column":34}},"23":{"start":{"line":76,"column":8},"end":{"line":76,"column":83}},"24":{"start":{"line":77,"column":8},"end":{"line":77,"column":48}},"25":{"start":{"line":79,"column":8},"end":{"line":79,"column":53}},"26":{"start":{"line":80,"column":8},"end":{"line":80,"column":32}},"27":{"start":{"line":81,"column":8},"end":{"line":81,"column":30}},"28":{"start":{"line":83,"column":8},"end":{"line":83,"column":54}},"29":{"start":{"line":84,"column":8},"end":{"line":84,"column":33}},"30":{"start":{"line":85,"column":8},"end":{"line":85,"column":60}},"31":{"start":{"line":86,"column":8},"end":{"line":86,"column":31}},"32":{"start":{"line":88,"column":8},"end":{"line":88,"column":2897}},"33":{"start":{"line":89,"column":12},"end":{"line":89,"column":119}},"34":{"start":{"line":90,"column":12},"end":{"line":90,"column":3071}},"35":{"start":{"line":91,"column":16},"end":{"line":91,"column":35}},"36":{"start":{"line":92,"column":16},"end":{"line":92,"column":30}},"37":{"start":{"line":93,"column":16},"end":{"line":93,"column":30}},"38":{"start":{"line":95,"column":16},"end":{"line":95,"column":3234}},"39":{"start":{"line":96,"column":20},"end":{"line":96,"column":39}},"40":{"start":{"line":97,"column":20},"end":{"line":97,"column":34}},"41":{"start":{"line":98,"column":20},"end":{"line":98,"column":34}},"42":{"start":{"line":113,"column":8},"end":{"line":113,"column":107}},"43":{"start":{"line":114,"column":8},"end":{"line":114,"column":74}},"44":{"start":{"line":116,"column":8},"end":{"line":116,"column":109}},"45":{"start":{"line":117,"column":8},"end":{"line":117,"column":77}},"46":{"start":{"line":119,"column":8},"end":{"line":119,"column":4097}},"47":{"start":{"line":120,"column":12},"end":{"line":120,"column":40}},"48":{"start":{"line":121,"column":12},"end":{"line":121,"column":27}},"49":{"start":{"line":123,"column":12},"end":{"line":123,"column":41}},"50":{"start":{"line":124,"column":12},"end":{"line":124,"column":28}},"51":{"start":{"line":137,"column":8},"end":{"line":137,"column":107}},"52":{"start":{"line":138,"column":8},"end":{"line":138,"column":49}},"53":{"start":{"line":140,"column":8},"end":{"line":140,"column":109}},"54":{"start":{"line":141,"column":8},"end":{"line":141,"column":51}},"55":{"start":{"line":143,"column":8},"end":{"line":143,"column":4929}},"56":{"start":{"line":144,"column":12},"end":{"line":144,"column":38}},"57":{"start":{"line":145,"column":12},"end":{"line":145,"column":27}},"58":{"start":{"line":147,"column":12},"end":{"line":147,"column":39}},"59":{"start":{"line":148,"column":12},"end":{"line":148,"column":28}}},"branchMap":{"1":{"line":39,"type":"if","locations":[{"start":{"line":39,"column":8},"end":{"line":39,"column":8}},{"start":{"line":39,"column":8},"end":{"line":39,"column":8}}]},"2":{"line":40,"type":"if","locations":[{"start":{"line":40,"column":8},"end":{"line":40,"column":8}},{"start":{"line":40,"column":8},"end":{"line":40,"column":8}}]},"3":{"line":53,"type":"if","locations":[{"start":{"line":53,"column":12},"end":{"line":53,"column":12}},{"start":{"line":53,"column":12},"end":{"line":53,"column":12}}]},"4":{"line":58,"type":"if","locations":[{"start":{"line":58,"column":16},"end":{"line":58,"column":16}},{"start":{"line":58,"column":16},"end":{"line":58,"column":16}}]},"5":{"line":76,"type":"if","locations":[{"start":{"line":76,"column":8},"end":{"line":76,"column":8}},{"start":{"line":76,"column":8},"end":{"line":76,"column":8}}]},"6":{"line":77,"type":"if","locations":[{"start":{"line":77,"column":8},"end":{"line":77,"column":8}},{"start":{"line":77,"column":8},"end":{"line":77,"column":8}}]},"7":{"line":90,"type":"if","locations":[{"start":{"line":90,"column":12},"end":{"line":90,"column":12}},{"start":{"line":90,"column":12},"end":{"line":90,"column":12}}]},"8":{"line":95,"type":"if","locations":[{"start":{"line":95,"column":16},"end":{"line":95,"column":16}},{"start":{"line":95,"column":16},"end":{"line":95,"column":16}}]},"9":{"line":119,"type":"if","locations":[{"start":{"line":119,"column":8},"end":{"line":119,"column":8}},{"start":{"line":119,"column":8},"end":{"line":119,"column":8}}]},"10":{"line":143,"type":"if","locations":[{"start":{"line":143,"column":8},"end":{"line":143,"column":8}},{"start":{"line":143,"column":8},"end":{"line":143,"column":8}}]}}}}
