TN:
SF:D:\__Work\Solidity\_Project\contracts\interfaces\ISwapManager.sol
FNF:0
FNH:0
LF:0
LH:0
BRF:0
BRH:0
end_of_record
TN:
SF:D:\__Work\Solidity\_Project\contracts\OralceManager.sol
FN:28,constructor
FN:41,update
FN:54,consult
FNF:3
FNH:3
FNDA:3,constructor
FNDA:3,update
FNDA:3,consult
DA:29,3
DA:31,3
DA:32,3
DA:33,3
DA:34,3
DA:35,3
DA:36,3
DA:37,3
DA:38,3
DA:42,3
DA:43,3
DA:44,3
DA:46,2
DA:47,2
DA:49,2
DA:50,2
DA:51,2
DA:55,3
DA:56,1
DA:58,2
DA:59,1
LF:21
LH:21
BRDA:44,1,0,2
BRDA:44,1,1,1
BRDA:55,2,0,1
BRDA:55,2,1,2
BRDA:58,3,0,1
BRDA:58,3,1,1
BRF:6
BRH:6
end_of_record
TN:
SF:D:\__Work\Solidity\_Project\contracts\SwapManager.sol
FN:15,constructor
FNF:1
FNH:1
FNDA:3,constructor
LF:0
LH:0
BRF:0
BRH:0
end_of_record
TN:
SF:D:\__Work\Solidity\_Project\contracts\SwapManagerBase.sol
FN:20,constructor
FN:30,bestOutputFixedInput
FN:67,bestInputFixedOutput
FN:104,findBestOutTrade
FN:128,findBestInTrade
FNF:5
FNH:5
FNDA:3,constructor
FNDA:3,bestOutputFixedInput
FNDA:3,bestInputFixedOutput
FNDA:2,findBestOutTrade
FNDA:2,findBestInTrade
DA:25,3
DA:26,3
DA:27,3
DA:39,3
DA:40,2
DA:42,1
DA:43,1
DA:44,1
DA:46,1
DA:47,1
DA:48,1
DA:49,1
DA:51,1
DA:52,2
DA:53,2
DA:54,1
DA:55,1
DA:56,1
DA:58,1
DA:59,0
DA:60,0
DA:61,0
DA:76,3
DA:77,2
DA:79,1
DA:80,1
DA:81,1
DA:83,1
DA:84,1
DA:85,1
DA:86,1
DA:88,1
DA:89,2
DA:90,2
DA:91,1
DA:92,1
DA:93,1
DA:95,1
DA:96,0
DA:97,0
DA:98,0
DA:113,2
DA:114,2
DA:116,2
DA:117,2
DA:119,2
DA:120,1
DA:121,1
DA:123,1
DA:124,1
DA:137,2
DA:138,2
DA:140,2
DA:141,2
DA:143,2
DA:144,1
DA:145,1
DA:147,1
DA:148,1
LF:59
LH:53
BRDA:39,1,0,2
BRDA:39,1,1,1
BRDA:40,2,0,1
BRDA:40,2,1,1
BRDA:53,3,0,1
BRDA:53,3,1,1
BRDA:58,4,0,0
BRDA:58,4,1,1
BRDA:76,5,0,2
BRDA:76,5,1,1
BRDA:77,6,0,1
BRDA:77,6,1,1
BRDA:90,7,0,1
BRDA:90,7,1,1
BRDA:95,8,0,0
BRDA:95,8,1,1
BRDA:119,9,0,1
BRDA:119,9,1,1
BRDA:143,10,0,1
BRDA:143,10,1,1
BRF:20
BRH:18
end_of_record
